Using pre-set license
Built from '2021.1/release' branch; Version is '2021.1.16f1 (5fa502fca597) revision 6268162'; Using compiler version '192528614'; Build Type 'Release'
OS: 'Windows 10 Home; OS build 19042.1110; Version 2009; 64bit' Language: 'no' Physical Memory: 16269 MB
BatchMode: 1, IsHumanControllingUs: 0, StartBugReporterOnCrash: 0, Is64bit: 1, IsPro: 0

 COMMAND LINE ARGUMENTS:
D:\Unity\Hub\Editor\2021.1.16f1\Editor\Unity.exe
-adb2
-batchMode
-noUpm
-name
AssetImportWorker0
-projectPath
D:/GitRepos/DC/DC
-logFile
Logs/AssetImportWorker0.log
-srvPort
55267
Successfully changed project path to: D:/GitRepos/DC/DC
D:/GitRepos/DC/DC
Using Asset Import Pipeline V2.
Refreshing native plugins compatible for Editor in 64.72 ms, found 0 plugins.
Preloading 0 native plugins for Editor in 0.00 ms.
Initialize engine version: 2021.1.16f1 (5fa502fca597)
[Subsystems] Discovering subsystems at path D:/Unity/Hub/Editor/2021.1.16f1/Editor/Data/Resources/UnitySubsystems
[Subsystems] Discovering subsystems at path D:/GitRepos/DC/DC/Assets
GfxDevice: creating device client; threaded=0; jobified=0
Direct3D:
    Version:  Direct3D 11.0 [level 11.1]
    Renderer: NVIDIA GeForce GTX 1060 (ID=0x1c20)
    Vendor:   NVIDIA
    VRAM:     2987 MB
    Driver:   26.21.14.4587
Initialize mono
Mono path[0] = 'D:/Unity/Hub/Editor/2021.1.16f1/Editor/Data/Managed'
Mono path[1] = 'D:/Unity/Hub/Editor/2021.1.16f1/Editor/Data/MonoBleedingEdge/lib/mono/unityjit'
Mono config path = 'D:/Unity/Hub/Editor/2021.1.16f1/Editor/Data/MonoBleedingEdge/etc'
Using monoOptions --debugger-agent=transport=dt_socket,embedding=1,server=y,suspend=n,address=127.0.0.1:56340
Begin MonoManager ReloadAssembly
Registering precompiled unity dll's ...
Register platform support module: D:/Unity/Hub/Editor/2021.1.16f1/Editor/Data/PlaybackEngines/WindowsStandaloneSupport/UnityEditor.WindowsStandalone.Extensions.dll
Registered in 0.004208 seconds.
Native extension for WindowsStandalone target not found
Refreshing native plugins compatible for Editor in 76.47 ms, found 0 plugins.
Preloading 0 native plugins for Editor in 0.00 ms.
Mono: successfully reloaded assembly
- Completed reload, in  4.027 seconds
Domain Reload Profiling:
	ReloadAssembly (4028ms)
		BeginReloadAssembly (280ms)
			ExecutionOrderSort (0ms)
			DisableScriptedObjects (0ms)
			BackupInstance (0ms)
			ReleaseScriptingObjects (0ms)
			CreateAndSetChildDomain (2ms)
		EndReloadAssembly (1254ms)
			LoadAssemblies (279ms)
			RebuildTransferFunctionScriptingTraits (0ms)
			SetupTypeCache (553ms)
			ReleaseScriptCaches (0ms)
			RebuildScriptCaches (95ms)
			SetupLoadedEditorAssemblies (482ms)
				LogAssemblyErrors (0ms)
				InitializePlatformSupportModulesInManaged (19ms)
				SetLoadedEditorAssemblies (1ms)
				RefreshPlugins (77ms)
				BeforeProcessingInitializeOnLoad (4ms)
				ProcessInitializeOnLoadAttributes (288ms)
				ProcessInitializeOnLoadMethodAttributes (94ms)
				AfterProcessingInitializeOnLoad (0ms)
				EditorAssembliesLoaded (0ms)
			ExecutionOrderSort2 (0ms)
			AwakeInstancesAfterBackupRestoration (0ms)
Platform modules already initialized, skipping
Registering precompiled user dll's ...
Registered in 0.630028 seconds.
Begin MonoManager ReloadAssembly
Native extension for WindowsStandalone target not found
Refreshing native plugins compatible for Editor in 0.41 ms, found 0 plugins.
Preloading 0 native plugins for Editor in 0.00 ms.
Mono: successfully reloaded assembly
- Completed reload, in  5.435 seconds
Domain Reload Profiling:
	ReloadAssembly (5437ms)
		BeginReloadAssembly (560ms)
			ExecutionOrderSort (0ms)
			DisableScriptedObjects (20ms)
			BackupInstance (0ms)
			ReleaseScriptingObjects (0ms)
			CreateAndSetChildDomain (54ms)
		EndReloadAssembly (4687ms)
			LoadAssemblies (2973ms)
			RebuildTransferFunctionScriptingTraits (0ms)
			SetupTypeCache (628ms)
			ReleaseScriptCaches (1ms)
			RebuildScriptCaches (132ms)
			SetupLoadedEditorAssemblies (715ms)
				LogAssemblyErrors (0ms)
				InitializePlatformSupportModulesInManaged (13ms)
				SetLoadedEditorAssemblies (1ms)
				RefreshPlugins (1ms)
				BeforeProcessingInitializeOnLoad (97ms)
				ProcessInitializeOnLoadAttributes (552ms)
				ProcessInitializeOnLoadMethodAttributes (43ms)
				AfterProcessingInitializeOnLoad (7ms)
				EditorAssembliesLoaded (0ms)
			ExecutionOrderSort2 (0ms)
			AwakeInstancesAfterBackupRestoration (25ms)
Platform modules already initialized, skipping
========================================================================
Worker process is ready to serve import requests
Launched and connected shader compiler UnityShaderCompiler.exe after 0.14 seconds
Refreshing native plugins compatible for Editor in 0.41 ms, found 0 plugins.
Preloading 0 native plugins for Editor in 0.00 ms.
Unloading 1021 Unused Serialized files (Serialized files now loaded: 0)
System memory in use before: 54.4 MB.
System memory in use after: 54.5 MB.

Unloading 15 unused Assets to reduce memory usage. Loaded Objects now: 1485.
Total: 6.282900 ms (FindLiveObjects: 0.217500 ms CreateObjectMapping: 0.074300 ms MarkObjects: 5.943500 ms  DeleteObjects: 0.045400 ms)

AssetImportParameters requested are different than current active one (requested -> active):
  custom:framework-win-MediaFoundation: 216162199b28c13a410421893ffa2e32 -> 
  custom:video-decoder-ogg-theora: a1e56fd34408186e4bbccfd4996cb3dc -> 
  custom:container-muxer-webm: aa71ff27fc2769a1b78a27578f13a17b -> 
  custom:container-demuxer-webm: 4f35f7cbe854078d1ac9338744f61a02 -> 
  custom:container-demuxer-ogg: 62fdf1f143b41e24485cea50d1cbac27 -> 
  custom:video-encoder-webm-vp8: eb34c28f22e8b96e1ab97ce403110664 -> 
  custom:video-codec-MediaFoundation-h265: 746d11721c4dcdbdad8f713fa42b33f4 -> 
  custom:video-decoder-webm-vp8: 9c59270c3fd7afecdb556c50c9e8de78 -> 
  custom:audio-decoder-ogg-vorbis: bf7c407c2cedff20999df2af8eb42d56 -> 
  custom:audio-encoder-webm-vorbis: bf7c407c2cedff20999df2af8eb42d56 -> 
========================================================================
Received Import Request.
  path: Assets/Resources/$Environment/Materials/DungeonPath.mat
  artifactKey: Guid(d22311d3721afa547a1f9373e1c2aae7) Importer(815301076,1909f56bfc062723c751e8b465ee728b)
Start importing Assets/Resources/$Environment/Materials/DungeonPath.mat using Guid(d22311d3721afa547a1f9373e1c2aae7) Importer(815301076,1909f56bfc062723c751e8b465ee728b)  -> (artifact id: '700f0185acd3dcaa0278e7be11bbc07a') in 0.426826 seconds 
========================================================================
Received Import Request.
  Time since last request: 0.000564 seconds.
  path: Assets/Resources/$Environment/Materials/Steppes.mat
  artifactKey: Guid(b437cd1a33b13cd49b69cb4b4dc4bda9) Importer(815301076,1909f56bfc062723c751e8b465ee728b)
Start importing Assets/Resources/$Environment/Materials/Steppes.mat using Guid(b437cd1a33b13cd49b69cb4b4dc4bda9) Importer(815301076,1909f56bfc062723c751e8b465ee728b)  -> (artifact id: '38fb940af1bdbcf13158e02daefde672') in 0.079838 seconds 
========================================================================
Received Import Request.
  Time since last request: 0.000448 seconds.
  path: Assets/Resources/$Environment/Materials/Ocean.mat
  artifactKey: Guid(77ab513fd4f8d3547a0b0bfe8030f1db) Importer(815301076,1909f56bfc062723c751e8b465ee728b)
Start importing Assets/Resources/$Environment/Materials/Ocean.mat using Guid(77ab513fd4f8d3547a0b0bfe8030f1db) Importer(815301076,1909f56bfc062723c751e8b465ee728b)  -> (artifact id: '9a7e792037245099da074076b8ba9670') in 0.059388 seconds 
========================================================================
Received Import Request.
  Time since last request: 0.000451 seconds.
  path: Assets/Resources/$Environment/Materials/TundraPath.mat
  artifactKey: Guid(5a4b097b517b50545b1b68da4b088a7c) Importer(815301076,1909f56bfc062723c751e8b465ee728b)
Start importing Assets/Resources/$Environment/Materials/TundraPath.mat using Guid(5a4b097b517b50545b1b68da4b088a7c) Importer(815301076,1909f56bfc062723c751e8b465ee728b)  -> (artifact id: '05b1400be3673f1e8a6b2c195855abbb') in 0.066680 seconds 
========================================================================
Received Import Request.
  Time since last request: 0.000574 seconds.
  path: Assets/Resources/$Environment/Materials/Grass.mat
  artifactKey: Guid(8728d52eb20ae9144865abc9baf3e5d1) Importer(815301076,1909f56bfc062723c751e8b465ee728b)
Start importing Assets/Resources/$Environment/Materials/Grass.mat using Guid(8728d52eb20ae9144865abc9baf3e5d1) Importer(815301076,1909f56bfc062723c751e8b465ee728b)  -> (artifact id: '7093017b89bf31be28cb1712789e35b3') in 0.074901 seconds 
========================================================================
Received Import Request.
  Time since last request: 0.000376 seconds.
  path: Assets/Resources/$Environment/Materials/LightBlocker.mat
  artifactKey: Guid(ac04f0623f0990a42971ecf0dcc66d4f) Importer(815301076,1909f56bfc062723c751e8b465ee728b)
Start importing Assets/Resources/$Environment/Materials/LightBlocker.mat using Guid(ac04f0623f0990a42971ecf0dcc66d4f) Importer(815301076,1909f56bfc062723c751e8b465ee728b)  -> (artifact id: '5bf8bac112628ec9d4212b1284c9e88d') in 0.745001 seconds 
========================================================================
Received Import Request.
  Time since last request: 0.000467 seconds.
  path: Assets/Materials/bricks.mat
  artifactKey: Guid(90a87622d5451a74ca888d5606dbfa70) Importer(815301076,1909f56bfc062723c751e8b465ee728b)
Start importing Assets/Materials/bricks.mat using Guid(90a87622d5451a74ca888d5606dbfa70) Importer(815301076,1909f56bfc062723c751e8b465ee728b)  -> (artifact id: '4cf06ce015538292f7ec89a307a27baa') in 0.084859 seconds 
========================================================================
Received Import Request.
  Time since last request: 0.000512 seconds.
  path: Assets/Resources/$Environment/Materials/Leaf.mat
  artifactKey: Guid(54239df759a2c36479a9f265b17594ae) Importer(815301076,1909f56bfc062723c751e8b465ee728b)
Start importing Assets/Resources/$Environment/Materials/Leaf.mat using Guid(54239df759a2c36479a9f265b17594ae) Importer(815301076,1909f56bfc062723c751e8b465ee728b)  -> (artifact id: 'd4d0732687b056c26390a9f6ab69b570') in 0.044221 seconds 
========================================================================
Received Import Request.
  Time since last request: 0.000496 seconds.
  path: Assets/Resources/$Environment/Materials/GrassPath.mat
  artifactKey: Guid(bbc92e976bc4b284ab18fc85d3fe6f01) Importer(815301076,1909f56bfc062723c751e8b465ee728b)
Start importing Assets/Resources/$Environment/Materials/GrassPath.mat using Guid(bbc92e976bc4b284ab18fc85d3fe6f01) Importer(815301076,1909f56bfc062723c751e8b465ee728b)  -> (artifact id: '1026d1a2948c21d1828a020dfe7ee949') in 0.090779 seconds 
========================================================================
Received Import Request.
  Time since last request: 0.000459 seconds.
  path: Assets/Materials/Black.mat
  artifactKey: Guid(9885f947cd55929448646a6ea5bc964f) Importer(815301076,1909f56bfc062723c751e8b465ee728b)
Start importing Assets/Materials/Black.mat using Guid(9885f947cd55929448646a6ea5bc964f) Importer(815301076,1909f56bfc062723c751e8b465ee728b)  -> (artifact id: '727af5d759a5b197478d613071f78d47') in 0.073143 seconds 
========================================================================
Received Import Request.
  Time since last request: 0.000486 seconds.
  path: Assets/Resources/$Environment/Materials/Tundra.mat
  artifactKey: Guid(ffcdc2ae633c9cc46b18cd935d0b7f5d) Importer(815301076,1909f56bfc062723c751e8b465ee728b)
Start importing Assets/Resources/$Environment/Materials/Tundra.mat using Guid(ffcdc2ae633c9cc46b18cd935d0b7f5d) Importer(815301076,1909f56bfc062723c751e8b465ee728b)  -> (artifact id: '3d1e810ab15b58c03efd8d497af302dd') in 0.072407 seconds 
========================================================================
Received Import Request.
  Time since last request: 0.000424 seconds.
  path: Assets/Resources/$Environment/Materials/SteppesPath.mat
  artifactKey: Guid(1fa0091b2ed448940a10151be225a746) Importer(815301076,1909f56bfc062723c751e8b465ee728b)
Start importing Assets/Resources/$Environment/Materials/SteppesPath.mat using Guid(1fa0091b2ed448940a10151be225a746) Importer(815301076,1909f56bfc062723c751e8b465ee728b)  -> (artifact id: '474f7d105b4a6acf1e38c751bccb05c5') in 0.087666 seconds 
========================================================================
Received Import Request.
  Time since last request: 0.000443 seconds.
  path: Assets/Resources/$Environment/Materials/Water.mat
  artifactKey: Guid(bca19ed996dffc941bf34c73f2cad0bc) Importer(815301076,1909f56bfc062723c751e8b465ee728b)
Start importing Assets/Resources/$Environment/Materials/Water.mat using Guid(bca19ed996dffc941bf34c73f2cad0bc) Importer(815301076,1909f56bfc062723c751e8b465ee728b)  -> (artifact id: '7e40ec6f816584229bd06419975e46f0') in 0.057295 seconds 
========================================================================
Received Import Request.
  Time since last request: 0.000538 seconds.
  path: Assets/Resources/$Environment/Materials/wood.mat
  artifactKey: Guid(536ea36c545f1964585f1da78c8d50c5) Importer(815301076,1909f56bfc062723c751e8b465ee728b)
Start importing Assets/Resources/$Environment/Materials/wood.mat using Guid(536ea36c545f1964585f1da78c8d50c5) Importer(815301076,1909f56bfc062723c751e8b465ee728b)  -> (artifact id: '9702d090223fa493dcabfee391517976') in 0.074968 seconds 
========================================================================
Received Import Request.
  Time since last request: 0.000544 seconds.
  path: Assets/Materials/dirt.mat
  artifactKey: Guid(07a01656606368e4fb85d6983bc5dac7) Importer(815301076,1909f56bfc062723c751e8b465ee728b)
Start importing Assets/Materials/dirt.mat using Guid(07a01656606368e4fb85d6983bc5dac7) Importer(815301076,1909f56bfc062723c751e8b465ee728b)  -> (artifact id: '1c90e60044fe1f79708c9d78ce1d34ce') in 0.043087 seconds 
========================================================================
Received Import Request.
  Time since last request: 206.023567 seconds.
  path: Assets/_scripts/ClockController.cs
  artifactKey: Guid(3f2182dd28907d3429301ce79bf42158) Importer(815301076,1909f56bfc062723c751e8b465ee728b)
Start importing Assets/_scripts/ClockController.cs using Guid(3f2182dd28907d3429301ce79bf42158) Importer(815301076,1909f56bfc062723c751e8b465ee728b)  -> (artifact id: '0d6d67685dedd8ef2b2a4d97bf711bb4') in 0.237806 seconds 
========================================================================
Received Import Request.
  Time since last request: 39.772526 seconds.
  path: Assets/_scripts/Data/AbilityCollection.cs
  artifactKey: Guid(76a3d66bb947ddf479a4a6925c50d098) Importer(815301076,1909f56bfc062723c751e8b465ee728b)
Start importing Assets/_scripts/Data/AbilityCollection.cs using Guid(76a3d66bb947ddf479a4a6925c50d098) Importer(815301076,1909f56bfc062723c751e8b465ee728b)  -> (artifact id: '4451312ab40502ef398253ae9df90692') in 0.047024 seconds 
========================================================================
Received Import Request.
  Time since last request: 3.954199 seconds.
  path: Assets/_scripts/Data/Options.cs
  artifactKey: Guid(35fb7652c786ae248a6b4c570e0feae9) Importer(815301076,1909f56bfc062723c751e8b465ee728b)
Start importing Assets/_scripts/Data/Options.cs using Guid(35fb7652c786ae248a6b4c570e0feae9) Importer(815301076,1909f56bfc062723c751e8b465ee728b)  -> (artifact id: 'e2bbe2b76452e50fd0e23c8bf1c11903') in 0.037057 seconds 
========================================================================
Received Import Request.
  Time since last request: 4.292409 seconds.
  path: Assets/_scripts/Data/Interfaces/IAbilityInterractible.cs
  artifactKey: Guid(34bd34e07d00f574fad47ae9973b467b) Importer(815301076,1909f56bfc062723c751e8b465ee728b)
Start importing Assets/_scripts/Data/Interfaces/IAbilityInterractible.cs using Guid(34bd34e07d00f574fad47ae9973b467b) Importer(815301076,1909f56bfc062723c751e8b465ee728b)  -> (artifact id: 'a03c2db89af3d839af421ef5476b1cff') in 0.035400 seconds 
========================================================================
Received Prepare
Registering precompiled user dll's ...
Registered in 0.006796 seconds.
Begin MonoManager ReloadAssembly
Native extension for WindowsStandalone target not found
Refreshing native plugins compatible for Editor in 0.69 ms, found 0 plugins.
Preloading 0 native plugins for Editor in 0.00 ms.
Mono: successfully reloaded assembly
- Completed reload, in  3.045 seconds
Domain Reload Profiling:
	ReloadAssembly (3046ms)
		BeginReloadAssembly (464ms)
			ExecutionOrderSort (0ms)
			DisableScriptedObjects (20ms)
			BackupInstance (0ms)
			ReleaseScriptingObjects (0ms)
			CreateAndSetChildDomain (92ms)
		EndReloadAssembly (2345ms)
			LoadAssemblies (441ms)
			RebuildTransferFunctionScriptingTraits (0ms)
			SetupTypeCache (1013ms)
			ReleaseScriptCaches (1ms)
			RebuildScriptCaches (162ms)
			SetupLoadedEditorAssemblies (579ms)
				LogAssemblyErrors (0ms)
				InitializePlatformSupportModulesInManaged (12ms)
				SetLoadedEditorAssemblies (2ms)
				RefreshPlugins (1ms)
				BeforeProcessingInitializeOnLoad (118ms)
				ProcessInitializeOnLoadAttributes (396ms)
				ProcessInitializeOnLoadMethodAttributes (41ms)
				AfterProcessingInitializeOnLoad (7ms)
				EditorAssembliesLoaded (1ms)
			ExecutionOrderSort2 (0ms)
			AwakeInstancesAfterBackupRestoration (39ms)
Platform modules already initialized, skipping
Refreshing native plugins compatible for Editor in 0.71 ms, found 0 plugins.
Preloading 0 native plugins for Editor in 0.00 ms.
Unloading 1017 Unused Serialized files (Serialized files now loaded: 0)
System memory in use before: 58.5 MB.
System memory in use after: 58.6 MB.

Unloading 8 unused Assets to reduce memory usage. Loaded Objects now: 1528.
Total: 8.125900 ms (FindLiveObjects: 0.245800 ms CreateObjectMapping: 0.071000 ms MarkObjects: 7.768700 ms  DeleteObjects: 0.037800 ms)

AssetImportParameters requested are different than current active one (requested -> active):
  custom:framework-win-MediaFoundation: 216162199b28c13a410421893ffa2e32 -> 
  custom:video-decoder-ogg-theora: a1e56fd34408186e4bbccfd4996cb3dc -> 
  custom:container-muxer-webm: aa71ff27fc2769a1b78a27578f13a17b -> 
  custom:container-demuxer-webm: 4f35f7cbe854078d1ac9338744f61a02 -> 
  custom:container-demuxer-ogg: 62fdf1f143b41e24485cea50d1cbac27 -> 
  custom:video-encoder-webm-vp8: eb34c28f22e8b96e1ab97ce403110664 -> 
  custom:video-codec-MediaFoundation-h265: 746d11721c4dcdbdad8f713fa42b33f4 -> 
  custom:video-decoder-webm-vp8: 9c59270c3fd7afecdb556c50c9e8de78 -> 
  custom:audio-decoder-ogg-vorbis: bf7c407c2cedff20999df2af8eb42d56 -> 
  custom:audio-encoder-webm-vorbis: bf7c407c2cedff20999df2af8eb42d56 -> 
========================================================================
Received Prepare
Registering precompiled user dll's ...
Registered in 0.004871 seconds.
Begin MonoManager ReloadAssembly
Native extension for WindowsStandalone target not found
Refreshing native plugins compatible for Editor in 0.54 ms, found 0 plugins.
Preloading 0 native plugins for Editor in 0.00 ms.
Mono: successfully reloaded assembly
- Completed reload, in  2.380 seconds
Domain Reload Profiling:
	ReloadAssembly (2381ms)
		BeginReloadAssembly (350ms)
			ExecutionOrderSort (0ms)
			DisableScriptedObjects (16ms)
			BackupInstance (0ms)
			ReleaseScriptingObjects (0ms)
			CreateAndSetChildDomain (62ms)
		EndReloadAssembly (1870ms)
			LoadAssemblies (323ms)
			RebuildTransferFunctionScriptingTraits (0ms)
			SetupTypeCache (684ms)
			ReleaseScriptCaches (1ms)
			RebuildScriptCaches (107ms)
			SetupLoadedEditorAssemblies (572ms)
				LogAssemblyErrors (0ms)
				InitializePlatformSupportModulesInManaged (13ms)
				SetLoadedEditorAssemblies (1ms)
				RefreshPlugins (1ms)
				BeforeProcessingInitializeOnLoad (110ms)
				ProcessInitializeOnLoadAttributes (406ms)
				ProcessInitializeOnLoadMethodAttributes (34ms)
				AfterProcessingInitializeOnLoad (7ms)
				EditorAssembliesLoaded (0ms)
			ExecutionOrderSort2 (0ms)
			AwakeInstancesAfterBackupRestoration (21ms)
Platform modules already initialized, skipping
Refreshing native plugins compatible for Editor in 0.43 ms, found 0 plugins.
Preloading 0 native plugins for Editor in 0.00 ms.
Unloading 1017 Unused Serialized files (Serialized files now loaded: 0)
System memory in use before: 58.6 MB.
System memory in use after: 58.7 MB.

Unloading 8 unused Assets to reduce memory usage. Loaded Objects now: 1531.
Total: 7.722700 ms (FindLiveObjects: 0.215300 ms CreateObjectMapping: 0.068200 ms MarkObjects: 7.388300 ms  DeleteObjects: 0.048100 ms)

AssetImportParameters requested are different than current active one (requested -> active):
  custom:framework-win-MediaFoundation: 216162199b28c13a410421893ffa2e32 -> 
  custom:video-decoder-ogg-theora: a1e56fd34408186e4bbccfd4996cb3dc -> 
  custom:container-muxer-webm: aa71ff27fc2769a1b78a27578f13a17b -> 
  custom:container-demuxer-webm: 4f35f7cbe854078d1ac9338744f61a02 -> 
  custom:container-demuxer-ogg: 62fdf1f143b41e24485cea50d1cbac27 -> 
  custom:video-encoder-webm-vp8: eb34c28f22e8b96e1ab97ce403110664 -> 
  custom:video-codec-MediaFoundation-h265: 746d11721c4dcdbdad8f713fa42b33f4 -> 
  custom:video-decoder-webm-vp8: 9c59270c3fd7afecdb556c50c9e8de78 -> 
  custom:audio-decoder-ogg-vorbis: bf7c407c2cedff20999df2af8eb42d56 -> 
  custom:audio-encoder-webm-vorbis: bf7c407c2cedff20999df2af8eb42d56 -> 
========================================================================
Received Prepare
Registering precompiled user dll's ...
Registered in 0.005271 seconds.
Begin MonoManager ReloadAssembly
Native extension for WindowsStandalone target not found
Refreshing native plugins compatible for Editor in 0.45 ms, found 0 plugins.
Preloading 0 native plugins for Editor in 0.00 ms.
Mono: successfully reloaded assembly
- Completed reload, in  2.472 seconds
Domain Reload Profiling:
	ReloadAssembly (2474ms)
		BeginReloadAssembly (373ms)
			ExecutionOrderSort (0ms)
			DisableScriptedObjects (21ms)
			BackupInstance (0ms)
			ReleaseScriptingObjects (0ms)
			CreateAndSetChildDomain (81ms)
		EndReloadAssembly (1905ms)
			LoadAssemblies (348ms)
			RebuildTransferFunctionScriptingTraits (0ms)
			SetupTypeCache (680ms)
			ReleaseScriptCaches (1ms)
			RebuildScriptCaches (120ms)
			SetupLoadedEditorAssemblies (548ms)
				LogAssemblyErrors (0ms)
				InitializePlatformSupportModulesInManaged (12ms)
				SetLoadedEditorAssemblies (1ms)
				RefreshPlugins (1ms)
				BeforeProcessingInitializeOnLoad (96ms)
				ProcessInitializeOnLoadAttributes (402ms)
				ProcessInitializeOnLoadMethodAttributes (29ms)
				AfterProcessingInitializeOnLoad (7ms)
				EditorAssembliesLoaded (0ms)
			ExecutionOrderSort2 (0ms)
			AwakeInstancesAfterBackupRestoration (21ms)
Platform modules already initialized, skipping
Refreshing native plugins compatible for Editor in 0.48 ms, found 0 plugins.
Preloading 0 native plugins for Editor in 0.00 ms.
Unloading 1017 Unused Serialized files (Serialized files now loaded: 0)
System memory in use before: 58.6 MB.
System memory in use after: 58.7 MB.

Unloading 8 unused Assets to reduce memory usage. Loaded Objects now: 1534.
Total: 5.899900 ms (FindLiveObjects: 0.248000 ms CreateObjectMapping: 0.085200 ms MarkObjects: 5.532000 ms  DeleteObjects: 0.032000 ms)

AssetImportParameters requested are different than current active one (requested -> active):
  custom:framework-win-MediaFoundation: 216162199b28c13a410421893ffa2e32 -> 
  custom:video-decoder-ogg-theora: a1e56fd34408186e4bbccfd4996cb3dc -> 
  custom:container-muxer-webm: aa71ff27fc2769a1b78a27578f13a17b -> 
  custom:container-demuxer-webm: 4f35f7cbe854078d1ac9338744f61a02 -> 
  custom:container-demuxer-ogg: 62fdf1f143b41e24485cea50d1cbac27 -> 
  custom:video-encoder-webm-vp8: eb34c28f22e8b96e1ab97ce403110664 -> 
  custom:video-codec-MediaFoundation-h265: 746d11721c4dcdbdad8f713fa42b33f4 -> 
  custom:video-decoder-webm-vp8: 9c59270c3fd7afecdb556c50c9e8de78 -> 
  custom:audio-decoder-ogg-vorbis: bf7c407c2cedff20999df2af8eb42d56 -> 
  custom:audio-encoder-webm-vorbis: bf7c407c2cedff20999df2af8eb42d56 -> 
========================================================================
Received Prepare
Registering precompiled user dll's ...
Registered in 0.004658 seconds.
Begin MonoManager ReloadAssembly
Native extension for WindowsStandalone target not found
Refreshing native plugins compatible for Editor in 0.42 ms, found 0 plugins.
Preloading 0 native plugins for Editor in 0.00 ms.
Mono: successfully reloaded assembly
- Completed reload, in  2.439 seconds
Domain Reload Profiling:
	ReloadAssembly (2440ms)
		BeginReloadAssembly (345ms)
			ExecutionOrderSort (0ms)
			DisableScriptedObjects (29ms)
			BackupInstance (0ms)
			ReleaseScriptingObjects (0ms)
			CreateAndSetChildDomain (62ms)
		EndReloadAssembly (1916ms)
			LoadAssemblies (307ms)
			RebuildTransferFunctionScriptingTraits (0ms)
			SetupTypeCache (677ms)
			ReleaseScriptCaches (2ms)
			RebuildScriptCaches (109ms)
			SetupLoadedEditorAssemblies (616ms)
				LogAssemblyErrors (0ms)
				InitializePlatformSupportModulesInManaged (14ms)
				SetLoadedEditorAssemblies (1ms)
				RefreshPlugins (1ms)
				BeforeProcessingInitializeOnLoad (100ms)
				ProcessInitializeOnLoadAttributes (449ms)
				ProcessInitializeOnLoadMethodAttributes (43ms)
				AfterProcessingInitializeOnLoad (8ms)
				EditorAssembliesLoaded (0ms)
			ExecutionOrderSort2 (0ms)
			AwakeInstancesAfterBackupRestoration (20ms)
Platform modules already initialized, skipping
Refreshing native plugins compatible for Editor in 0.45 ms, found 0 plugins.
Preloading 0 native plugins for Editor in 0.00 ms.
Unloading 1017 Unused Serialized files (Serialized files now loaded: 0)
System memory in use before: 58.6 MB.
System memory in use after: 58.7 MB.

Unloading 8 unused Assets to reduce memory usage. Loaded Objects now: 1537.
Total: 9.274800 ms (FindLiveObjects: 0.400100 ms CreateObjectMapping: 0.186300 ms MarkObjects: 8.639200 ms  DeleteObjects: 0.046100 ms)

AssetImportParameters requested are different than current active one (requested -> active):
  custom:framework-win-MediaFoundation: 216162199b28c13a410421893ffa2e32 -> 
  custom:video-decoder-ogg-theora: a1e56fd34408186e4bbccfd4996cb3dc -> 
  custom:container-muxer-webm: aa71ff27fc2769a1b78a27578f13a17b -> 
  custom:container-demuxer-webm: 4f35f7cbe854078d1ac9338744f61a02 -> 
  custom:container-demuxer-ogg: 62fdf1f143b41e24485cea50d1cbac27 -> 
  custom:video-encoder-webm-vp8: eb34c28f22e8b96e1ab97ce403110664 -> 
  custom:video-codec-MediaFoundation-h265: 746d11721c4dcdbdad8f713fa42b33f4 -> 
  custom:video-decoder-webm-vp8: 9c59270c3fd7afecdb556c50c9e8de78 -> 
  custom:audio-decoder-ogg-vorbis: bf7c407c2cedff20999df2af8eb42d56 -> 
  custom:audio-encoder-webm-vorbis: bf7c407c2cedff20999df2af8eb42d56 -> 
========================================================================
Received Prepare
Registering precompiled user dll's ...
Registered in 0.009127 seconds.
Begin MonoManager ReloadAssembly
Native extension for WindowsStandalone target not found
Refreshing native plugins compatible for Editor in 0.72 ms, found 0 plugins.
Preloading 0 native plugins for Editor in 0.00 ms.
Mono: successfully reloaded assembly
- Completed reload, in  4.692 seconds
Domain Reload Profiling:
	ReloadAssembly (4694ms)
		BeginReloadAssembly (522ms)
			ExecutionOrderSort (0ms)
			DisableScriptedObjects (23ms)
			BackupInstance (0ms)
			ReleaseScriptingObjects (0ms)
			CreateAndSetChildDomain (81ms)
		EndReloadAssembly (3912ms)
			LoadAssemblies (590ms)
			RebuildTransferFunctionScriptingTraits (0ms)
			SetupTypeCache (1496ms)
			ReleaseScriptCaches (2ms)
			RebuildScriptCaches (176ms)
			SetupLoadedEditorAssemblies (1184ms)
				LogAssemblyErrors (0ms)
				InitializePlatformSupportModulesInManaged (23ms)
				SetLoadedEditorAssemblies (2ms)
				RefreshPlugins (1ms)
				BeforeProcessingInitializeOnLoad (156ms)
				ProcessInitializeOnLoadAttributes (917ms)
				ProcessInitializeOnLoadMethodAttributes (69ms)
				AfterProcessingInitializeOnLoad (16ms)
				EditorAssembliesLoaded (0ms)
			ExecutionOrderSort2 (0ms)
			AwakeInstancesAfterBackupRestoration (36ms)
Platform modules already initialized, skipping
Refreshing native plugins compatible for Editor in 1.30 ms, found 0 plugins.
Preloading 0 native plugins for Editor in 0.00 ms.
Unloading 1017 Unused Serialized files (Serialized files now loaded: 0)
System memory in use before: 58.6 MB.
System memory in use after: 58.7 MB.

Unloading 8 unused Assets to reduce memory usage. Loaded Objects now: 1540.
Total: 11.803900 ms (FindLiveObjects: 0.569100 ms CreateObjectMapping: 0.260100 ms MarkObjects: 10.909300 ms  DeleteObjects: 0.060300 ms)

AssetImportParameters requested are different than current active one (requested -> active):
  custom:framework-win-MediaFoundation: 216162199b28c13a410421893ffa2e32 -> 
  custom:video-decoder-ogg-theora: a1e56fd34408186e4bbccfd4996cb3dc -> 
  custom:container-muxer-webm: aa71ff27fc2769a1b78a27578f13a17b -> 
  custom:container-demuxer-webm: 4f35f7cbe854078d1ac9338744f61a02 -> 
  custom:container-demuxer-ogg: 62fdf1f143b41e24485cea50d1cbac27 -> 
  custom:video-encoder-webm-vp8: eb34c28f22e8b96e1ab97ce403110664 -> 
  custom:video-codec-MediaFoundation-h265: 746d11721c4dcdbdad8f713fa42b33f4 -> 
  custom:video-decoder-webm-vp8: 9c59270c3fd7afecdb556c50c9e8de78 -> 
  custom:audio-decoder-ogg-vorbis: bf7c407c2cedff20999df2af8eb42d56 -> 
  custom:audio-encoder-webm-vorbis: bf7c407c2cedff20999df2af8eb42d56 -> 
